<?xml version="1.0" encoding="UTF-8"?>
<!-- Generated by org.testng.reporters.JUnitReportReporter -->
<testsuite hostname="LAPTOP-CJ1P4A3I" failures="0" tests="1" name="TestRun.TestMain" time="17.116" errors="0" timestamp="2024-03-10T08:26:22 IST" skipped="0">
  <testcase classname="TestRun.TestMain" name="testAddProductToCart" time="17.116"/>
  <system-out/>
</testsuite> <!-- TestRun.TestMain -->
