<?xml version="1.0" encoding="UTF-8"?>
<!-- Generated by org.testng.reporters.JUnitReportReporter -->
<testsuite hostname="LAPTOP-CJ1P4A3I" failures="0" tests="1" name="TestRun.TestMain" time="10.276" errors="0" timestamp="16 Apr 2024 10:05:19 GMT" skipped="0">
  <testcase classname="TestRun.TestMain" name="testAddProductToCart" time="10.276"/>
</testsuite> <!-- TestRun.TestMain -->
