<?xml version="1.0" encoding="UTF-8"?>
<!-- Generated by org.testng.reporters.JUnitReportReporter -->
<testsuite hostname="LAPTOP-CJ1P4A3I" failures="0" tests="1" name="TestRun.TestMain" time="4.056" errors="0" timestamp="15 Mar 2024 22:02:38 GMT" skipped="0">
  <testcase classname="TestRun.TestMain" name="testAddProductToCart" time="4.056"/>
</testsuite> <!-- TestRun.TestMain -->
