<?xml version="1.0" encoding="UTF-8"?>
<!-- Generated by org.testng.reporters.JUnitReportReporter -->
<testsuite hostname="LAPTOP-CJ1P4A3I" failures="0" tests="1" name="TestRun.TestMain" time="0.000" errors="0" timestamp="13 Mar 2024 01:53:21 GMT" skipped="1">
  <testcase classname="TestRun.TestMain" name="testAddProductToCart" time="0.000">
    <skipped/>
  </testcase> <!-- testAddProductToCart -->
</testsuite> <!-- TestRun.TestMain -->
