<?xml version="1.0" encoding="UTF-8"?>
<!-- Generated by org.testng.reporters.JUnitReportReporter -->
<testsuite hostname="LAPTOP-CJ1P4A3I" failures="0" tests="1" name="TestRun.TestMain2" time="3.717" errors="0" timestamp="17 Apr 2024 19:20:32 GMT" skipped="0">
  <testcase classname="TestRun.TestMain2" name="verifyIncrementCount" time="3.717"/>
</testsuite> <!-- TestRun.TestMain2 -->
