<?xml version="1.0" encoding="UTF-8"?>
<!-- Generated by org.testng.reporters.JUnitReportReporter -->
<testsuite hostname="LAPTOP-CJ1P4A3I" failures="0" tests="1" name="TestRun.TestMain2" time="6.840" errors="0" timestamp="2024-03-12T21:34:44 IST" skipped="0">
  <testcase classname="TestRun.TestMain2" name="verifyincrementcount" time="6.840"/>
  <system-out/>
</testsuite> <!-- TestRun.TestMain2 -->
