<?xml version="1.0" encoding="UTF-8"?>
<!-- Generated by org.testng.reporters.JUnitReportReporter -->
<testsuite hostname="LAPTOP-CJ1P4A3I" failures="0" tests="1" name="TestRun.TestMain" time="4.791" errors="0" timestamp="28 Mar 2024 10:14:58 GMT" skipped="0">
  <testcase classname="TestRun.TestMain" name="testAddProductToCart" time="4.791"/>
</testsuite> <!-- TestRun.TestMain -->
