<?xml version="1.0" encoding="UTF-8"?>
<!-- Generated by org.testng.reporters.JUnitReportReporter -->
<testsuite hostname="LAPTOP-CJ1P4A3I" failures="0" tests="1" name="TestRun.TestMain2" time="4.260" errors="0" timestamp="15 Mar 2024 21:44:18 GMT" skipped="0">
  <testcase classname="TestRun.TestMain2" name="verifyincrementcount" time="4.260"/>
</testsuite> <!-- TestRun.TestMain2 -->
