<?xml version="1.0" encoding="UTF-8"?>
<!-- Generated by org.testng.reporters.JUnitReportReporter -->
<testsuite hostname="LAPTOP-CJ1P4A3I" failures="0" tests="1" name="TestRun.TestMain" time="11.214" errors="0" timestamp="2024-03-09T06:23:41 IST" skipped="0">
  <testcase classname="TestRun.TestMain" name="testAddProductToCart" time="11.214"/>
  <system-out/>
</testsuite> <!-- TestRun.TestMain -->
